<?xml version="1.0" encoding="UTF-8"?>
<!-- Generated by org.testng.reporters.JUnitReportReporter -->
<testsuite hostname="workStation-2" failures="0" tests="1" name="webautomationv1.firstAutomation" time="7.315" errors="0" timestamp="2024-02-06T19:52:14 BDT" skipped="0">
  <testcase classname="webautomationv1.firstAutomation" name="openUrl" time="7.315"/>
</testsuite> <!-- webautomationv1.firstAutomation -->
