<?xml version="1.0" encoding="UTF-8"?>
<!-- Generated by org.testng.reporters.JUnitReportReporter -->
<testsuite hostname="workStation-2" failures="0" tests="3" name="webautomationv1.testNGExxamples" time="0.031" errors="0" timestamp="2024-02-08T20:40:54 BDT" skipped="0">
  <testcase classname="webautomationv1.testNGExxamples" name="testExample2" time="0.021"/>
  <testcase classname="webautomationv1.testNGExxamples" name="testExample" time="0.006"/>
  <testcase classname="webautomationv1.testNGExxamples" name="testExample3" time="0.004"/>
</testsuite> <!-- webautomationv1.testNGExxamples -->
