<?xml version="1.0" encoding="UTF-8"?>
<!-- Generated by org.testng.reporters.JUnitReportReporter -->
<testsuite hostname="workStation-2" failures="0" tests="1" name="webautomationv1.locationExample" time="25.165" errors="0" timestamp="2024-02-11T01:39:25 BDT" skipped="0">
  <testcase classname="webautomationv1.locationExample" name="locationTest" time="25.165"/>
</testsuite> <!-- webautomationv1.locationExample -->
