<?xml version="1.0" encoding="UTF-8"?>
<!-- Generated by org.testng.reporters.JUnitReportReporter -->
<testsuite hostname="workStation-2" failures="0" tests="1" name="webautomationv1.locationExample" time="18.055" errors="0" timestamp="2024-02-09T03:24:57 BDT" skipped="0">
  <testcase classname="webautomationv1.locationExample" name="locationTest" time="18.055"/>
</testsuite> <!-- webautomationv1.locationExample -->
