<?xml version="1.0" encoding="UTF-8"?>
<!-- Generated by org.testng.reporters.JUnitReportReporter -->
<testsuite hostname="workStation-2" failures="0" tests="1" name="webautomationv1.firstAutomation" time="8.227" errors="0" timestamp="2024-02-03T01:22:41 BDT" skipped="0">
  <testcase classname="webautomationv1.firstAutomation" name="openUrl" time="8.227"/>
</testsuite> <!-- webautomationv1.firstAutomation -->
