<?xml version="1.0" encoding="UTF-8"?>
<!-- Generated by org.testng.reporters.JUnitReportReporter -->
<testsuite hostname="workStation-2" failures="0" tests="1" name="webautomationv1.locatorExampleNopCommerce" time="12.332" errors="0" timestamp="2024-02-21T08:22:08 BDT" skipped="0">
  <testcase classname="webautomationv1.locatorExampleNopCommerce" name="locationTest" time="12.332"/>
</testsuite> <!-- webautomationv1.locatorExampleNopCommerce -->
